<?xml version="1.0" encoding="UTF-8"?>
<!-- Generated by org.testng.reporters.JUnitReportReporter -->
<testsuite hostname="Ramya" failures="0" tests="1" name="com.testscripts.tc001" time="0.008" errors="0" timestamp="2024-02-05T17:13:14 IST" skipped="0">
  <testcase classname="com.testscripts.tc001" name="tctest" time="0.008"/>
</testsuite> <!-- com.testscripts.tc001 -->
